<?xml version="1.0" encoding="UTF-8"?>
<testsuite name="com.example.composememoapp.ExampleUnitTest" tests="1" skipped="0" failures="0" errors="0" timestamp="2021-12-03T08:48:32" hostname="hyeonhyejin-ui-MacBookPro.local" time="0.002">
  <properties/>
  <testcase name="addition_isCorrect" classname="com.example.composememoapp.ExampleUnitTest" time="0.002"/>
  <system-out><![CDATA[]]></system-out>
  <system-err><![CDATA[]]></system-err>
</testsuite>
