<?xml version='1.0' encoding='UTF-8' ?>
<testsuite name="com.example.composememoapp.ExampleInstrumentedTest" tests="14" failures="0" errors="0" skipped="0" time="8.243" timestamp="2021-12-03T08:48:29" hostname="localhost">
  <properties>
    <property name="device" value="Pixel_4_API_27(AVD) - 8.1.0" />
    <property name="flavor" value="" />
    <property name="project" value="app" />
  </properties>
  <testcase name="useAppContext" classname="com.example.composememoapp.ExampleInstrumentedTest" time="0.0" />
  <testcase name="whenExtendedValueIsFalseTextIsNotShown" classname="com.example.composememoapp.HomeAddMemoFABComposableTest" time="1.115" />
  <testcase name="whenExtendedValueIsTrueTextIsShown" classname="com.example.composememoapp.HomeAddMemoFABComposableTest" time="0.649" />
  <testcase name="clickFAB" classname="com.example.composememoapp.HomeAddMemoFABComposableTest" time="1.452" />
  <testcase name="haveAddMemoFAB" classname="com.example.composememoapp.MemoAppComposableTest" time="0.587" />
  <testcase name="testMemoAppComposableHaveNavHostComposable" classname="com.example.composememoapp.MemoAppComposableTest" time="0.571" />
  <testcase name="onClickIsCalledWhenIsFirstItemFalse" classname="com.example.composememoapp.MiniFloatingButtonContentTest" time="0.588" />
  <testcase name="haveIcon" classname="com.example.composememoapp.MiniFloatingButtonContentTest" time="0.438" />
  <testcase name="onClickIsNotCalledWhenIsFirstItemTrue" classname="com.example.composememoapp.MiniFloatingButtonContentTest" time="0.42" />
  <testcase name="changeExtendedValueWhenClicked" classname="com.example.composememoapp.MiniFloatingButtonGroupControllerTest" time="0.504" />
  <testcase name="whenExtendedValueTrueShowAllIconButton" classname="com.example.composememoapp.MiniFloatingButtonGroupTest" time="0.525" />
  <testcase name="whenExtendedValueFalseShowOneIconButton" classname="com.example.composememoapp.MiniFloatingButtonGroupTest" time="0.345" />
  <testcase name="onClickIsCalled" classname="com.example.composememoapp.MiniFloatingButtonTest" time="0.568" />
  <testcase name="haveIcon" classname="com.example.composememoapp.MiniFloatingButtonTest" time="0.361" />
</testsuite>